(a4,f7.4,a1,1x,f8.4,a1,1x,i4,1x,i1,1x,i3,1x,f5.2,2x,f5.2)                 
JECM37.0507N 121.8093W    0 1   1  0.00   0.00   1
BAPM36.1758N 121.6427W    0 1   2  0.00   0.00   1
BAVM36.6458N 121.0298W    0 1   3  0.00   0.00   1
BBGM36.5783N 121.0385W    0 1   4  0.00   0.00   1
BBNM36.5095N 121.0762W    0 1   5  0.00   0.00   1
BCGM36.7092N 121.3433W    0 1   6  0.00   0.00   1
BCWM36.3067N 121.5660W    0 1   7  0.00   0.00   1
BEHM36.6647N 121.1742W    0 1   8  0.00   0.00   1
BEMM36.6613N 121.0960W    0 1   9  0.00   0.00   1
BHRM36.7278N 121.2638W    0 1  10  0.00   0.00   1
BJCM36.5470N 121.3927W    0 1  11  0.00   0.00   1
BJOM36.6108N 121.3135W    0 1  12  0.00   0.00   1
BLRM36.6660N 121.2727W    0 1  13  0.00   0.00   1
BMSM36.6630N 120.7918W    0 1  14  0.00   0.00   1
BPCM36.5720N 121.6260W    0 1  15  0.00   0.00   1
BPFM36.2303N 121.7720W    0 1  16  0.00   0.00   1
BPIM36.4900N 121.1685W    0 1  17  0.00   0.00   1
BPRM36.4070N 121.7295W    0 1  18  0.00   0.00   1
BRMM36.8450N 120.8233W    0 1  19  0.00   0.00   1
BRVM36.4248N 121.0183W    0 1  20  0.00   0.00   1
BSCM36.6417N 121.2598W    0 1  21  0.00   0.00   1
BSGM36.4138N 121.2537W    0 1  22  0.00   0.00   1
BSLM36.7755N 121.3493W    0 1  23  0.00   0.00   1
BSMM36.3833N 121.4278W    0 1  24  0.00   0.00   1
BSRM36.6665N 121.5187W    0 1  25  0.00   0.00   1
BVLM36.5752N 121.1890W    0 1  26  0.00   0.00   1
BVYM36.7493N 121.4133W    0 1  27  0.00   0.00   1
CADM37.1638N 121.6258W    0 1  28  0.00   0.00   1
CAIM37.8613N 122.4295W    0 1  29  0.00   0.00   1
CALM37.4512N 121.7992W    0 1  30  0.00   0.00   1
CAOM37.3493N 121.5327W    0 1  31  0.00   0.00   1
CBRM37.8162N 122.0620W    0 1  32  0.00   0.00   1
CBSM37.8177N 121.6405W    0 1  33  0.00   0.00   1
CBWM37.9242N 122.1067W    0 1  34  0.00   0.00   1
CCOM37.2577N 121.6725W    0 1  35  0.00   0.00   1
CCYM37.5517N 122.0908W    0 1  36  0.00   0.00   1
CDAL37.7300N 121.7283W    0 1  37  0.00   0.00   1
CDOM37.7300N 121.8353W    0 1  38  0.00   0.00   1
CDUM38.0297N 122.0008W    0 1  39  0.00   0.00   1
CDVL37.5663N 121.6802W    0 1  40  0.00   0.00   1
CLCM37.7380N 122.0638W    0 1  41  0.00   0.00   1
CMBB38.0350N 120.3850W    0 1  42  0.00   0.00   1
CMCM37.7813N 122.1758W    0 1  43  0.00   0.00   1
CMHM37.3595N 121.7563W    0 1  44  0.00   0.00   1
CMJM37.5208N 121.8705W    0 1  45  0.00   0.00   1
CMLM37.4773N 121.6515W    0 1  46  0.00   0.00   1
CMMM37.4557N 121.4937W    0 1  47  0.00   0.00   1
CMNL37.6275N 121.7083W    0 1  48  0.00   0.00   1
CMOM37.8113N 121.8025W    0 1  49  0.00   0.00   1
CMPM37.3577N 121.3085W    0 1  50  0.00   0.00   1
CMRM37.5947N 121.6370W    0 1  51  0.00   0.00   1
COSM37.5085N 121.3740W    0 1  52  0.00   0.00   1
CPLM37.6375N 121.9607W    0 1  53  0.00   0.00   1
CRPM37.9125N 121.9055W    0 1  54  0.00   0.00   1
CSAL37.6737N 121.7042W    0 1  55  0.00   0.00   1
CSCM37.2852N 121.7725W    0 1  56  0.00   0.00   1
CSHM37.6480N 122.0428W    0 1  57  0.00   0.00   1
CSPM37.9575N 122.3108W    0 1  58  0.00   0.00   1
CSTL37.6392N 121.4982W    0 1  59  0.00   0.00   1
CVAL37.6183N 121.7582W    0 1  60  0.00   0.00   1
CVLL37.6263N 121.8357W    0 1  61  0.00   0.00   1
FRIB36.9917N 119.7083W    0 1  62  0.00   0.00   1
GAXM38.7108N 122.7550W    0 1  63  0.00   0.00   1
GBGM38.8140N 122.6793W    0 1  64  0.00   0.00   1
GCRM38.7738N 122.7165W    0 1  65  0.00   0.00   1
GGPM38.7647N 122.8442W    0 1  66  0.00   0.00   1
HAZM36.8847N 121.5908W    0 1  67  0.00   0.00   1
HBTM36.8502N 121.5507W    0 1  68  0.00   0.00   1
HCAM37.0253N 121.4837W    0 1  69  0.00   0.00   1
HCBM36.9313N 121.6605W    0 1  70  0.00   0.00   1
HCOM36.8885N 121.7057W    0 1  71  0.00   0.00   1
HCRM36.9577N 121.5835W    0 1  72  0.00   0.00   1
HDLM36.8353N 121.6440W    0 1  73  0.00   0.00   1
HERM36.7983N 121.7107W    0 1  74  0.00   0.00   1
HFEM36.9833N 121.4015W    0 1  75  0.00   0.00   1
HFHM36.8882N 121.4688W    0 1  76  0.00   0.00   1
HFPM36.7537N 121.4905W    0 1  77  0.00   0.00   1
HGSM37.0958N 121.4472W    0 1 199  0.00   0.00   1
HGWM37.0170N 121.6533W    0 1  79  0.00   0.00   1
HJGM36.7980N 121.5738W    0 1  80  0.00   0.00   1
HJSM36.8165N 121.2987W    0 1  81  0.00   0.00   1
HKRM36.9017N 121.4260W    0 1  82  0.00   0.00   1
HLTM36.8845N 121.3082W    0 1  83  0.00   0.00   1
HMOM36.6005N 121.9177W    0 1  84  0.00   0.00   1
HORM36.9172N 121.5077W    0 1  85  0.00   0.00   1
HPHM36.8563N 121.4062W    0 1  86  0.00   0.00   1
HPLM37.0522N 121.2900W    0 1  87  0.00   0.00   1
HPRM36.9532N 121.6950W    0 1  88  0.00   0.00   1
HQRM36.8337N 121.2127W    0 1  89  0.00   0.00   1
HSFM36.8120N 121.4995W    0 1  90  0.00   0.00   1
HSLM37.0193N 121.0855W    0 1  91  0.00   0.00   1
HSPM37.1152N 121.5157W    0 1  92  0.00   0.00   1
JALM37.1583N 121.8470W    0 1  93  0.00   0.00   1
JBCM37.1603N 122.0262W    0 1  94  0.00   0.00   1
JBGM37.3420N 122.3390W    0 1  95  0.00   0.00   1
JBLM37.1282N 122.1680W    0 1  96  0.00   0.00   1
JBMM37.3182N 122.1527W    0 1  97  0.00   0.00   1
JBZM37.0178N 121.8192W    0 1  98  0.00   0.00   1
JCBM37.1118N 121.6888W    0 1  99  0.00   0.00   1
JEGM37.5140N 122.4623W    0 1 100  0.00   0.00   1
JELM36.9273N 121.8268W    0 1 101  0.00   0.00   1
JHLM37.1090N 121.8332W    0 1 102  0.00   0.00   1
JHPM37.4442N 122.3015W    0 1 103  0.00   0.00   1
JLPM37.1110N 121.8430W    0 1 104  0.00   0.00   1
JLXM37.2018N 121.9862W    0 1 105  0.00   0.00   1
JMGM37.6370N 122.4738W    0 1 106  0.00   0.00   1
JMPM37.4555N 122.1655W    0 1 107  0.00   0.00   1
JNAM37.1770N 121.8447W    0 1 108  0.00   0.00   1
JPLM36.9770N 121.8322W    0 1 109  0.00   0.00   1
JPPM37.2635N 122.2130W    0 1 110  0.00   0.00   1
JPRM37.7947N 122.4743W    0 1 111  0.00   0.00   1
JPSM37.1990N 122.3483W    0 1 112  0.00   0.00   1
JRGM37.0370N 121.9645W    0 1 113  0.00   0.00   1
JRRM37.0545N 121.7268W    0 1 114  0.00   0.00   1
JSAM37.5825N 122.4172W    0 1 115  0.00   0.00   1
JSCM37.2845N 122.1237W    0 1 116  0.00   0.00   1
JSFM37.4052N 122.1758W    0 1 117  0.00   0.00   1
JSGM37.2827N 122.0500W    0 1 118  0.00   0.00   1
JSJM37.3338N 122.0913W    0 1 119  0.00   0.00   1
JSMM37.2123N 122.1677W    0 1 120  0.00   0.00   1
JSSM37.1695N 121.9307W    0 1 121  0.00   0.00   1
JSTM37.2068N 121.7973W    0 1 122  0.00   0.00   1
JTGM37.0285N 121.8763W    0 1 123  0.00   0.00   1
JUCM37.0012N 122.0485W    0 1 124  0.00   0.00   1
JUMM37.1608N 121.8977W    0 1 125  0.00   0.00   1
                                                    
