 >>> Start of program VELEST at Sep 25 11:36:48 1995 <<<                        
 
 ::::::::::::::::::::::::::::::::::::::                                         
  V E L E S T  - Version : January 3, 1995                                      
  (Authors: see source code)                                                    
 ::::::::::::::::::::::::::::::::::::::                                         
 
 
 Title of this VELEST run:
 
 CALAVERAS area7 1.10.93 EK startmodell vers. 1.1
 ------------------------------------------------
 
 
 Current array-dimensions of program VELEST:
 
 Max. number of EARTHQUAKES for simult. inversion IEQ = 658
 Max. number of SHOTS for simult. inversion    INSHOT =  50
 Max. number of (different) 1D-MODELS      ITOTMODELS =   2
 Max. number of LAYERS per one 1D-model        INLTOT = 100
 Max. number of STATIONS in stationlist           IST = 650
 Max. number of OBSERVATIONS per event MAXOBSPEREVENT = 180
 
 




    INPUT - P A R A M E T E R S :



***
***  olat       olon   icoordsystem      zshift   itrial ztrial    ised
  37.161301 121.547798      0            0.000       0     0.00      0
***
*** neqs   nshot    rotate
     53      0      0.0
***
*** isingle   iresolcalc
       0          0
***
*** dmax    itopo    zmin     veladj    zadj   lowveloclay
  1000.00     0     -0.20       0.20    5.00       0
***
*** nsp    swtfac   vpvs       nmod
     1      0.00    0.000        1
***
***   othet   xythet    zthet    vthet   stathet
       0.01     0.01     0.01     1.00     0.01
***
*** nsinv   nshcor   nshfix     iuseelev    iusestacorr
       1       0       0           1            0
***
*** iturbo    icnvout   istaout   ismpout
       1         1         2         0
***
*** irayout   idrvout   ialeout   idspout   irflout   irfrout   iresout
       0         0         0         0         0         0         0
***
*** delmin   ittmax   invertratio
    0.010       3          1
***
*** Modelfile:
ca1d11.mod
***
*** Stationfile:
ca1vel.sta
***
*** Seismofile:
 
***
*** File with region names:
 
***
*** File with region coordinates:
 
***
*** File #1 with topo data:
 
***
*** File #2 with topo data:
 
***
*** DATA INPUT files:
***
*** File with Earthquake data:
calarea7.cnv
***
*** File with Shot data:
 
***
*** OUTPUT files:
***
*** Main print output file:
VELMOD11area7.OUT
***
*** File with single event locations:
velout.vel
***
*** File with final hypocenters in *.cnv format:
VELMOD11area7.CNV
***
*** File with new station corrections:
mod11area7sta.OUT
***
*** File with summary cards (e.g. for plotting):
velout.smp
***
*** File with raypoints:
velout.ray
***
*** File with derivatives:
velout.drv
***
*** File with ALEs:
velout.ale
***
*** File with Dirichlet spreads:
CALDIRSPRED.DIS
***
*** File with reflection points:
velout.rfl
***
*** File with refraction points:
velout.rfr
***
*** File with residuals:
velout.res
***




 Origin of cartesian coordinates:
        37.16130N   121.54780W
 
  X,Y-AXES rotated clockwise from North
           Rotation angle (rotate):
            rotate=    0.0 degr.
 
 icoordsystem =   0
 normal SHORT DISTANCE CONVERSION will be made
 x is positive towards west, y is positive towards north
 
 
 SHORT DISTANCE CONVERSION on ELLIPSOIDE of WORLD GEODETIC SYSTEM 1972 (WGS72)
 =============================================================================
 
 Radius at equator (REARTH)= 6378.13500  km
   1. / (ellipticity)      =    298.260
 
 Origin of cartesian coordinates [degrees]:
   37.1613007 N      121.5477982 W
 
  Rotation angle (in degr.) clockwise from
North  rotate=    0.0
 
 Radius of sphere at OLAT =   6370.398 km
 
 Conversion of GEOGRAPHICAL LATITUDE to GEOCENTRICAL LATITUDE:
 RLATC = TAN(GEOCENTR.LAT) / TAN(GEOGRAPH.LAT)
 RLATC =   0.99331078
 
          Short distance conversions:
          one min lat ~  1.8497 km 
          one min lon ~  1.4804 km 

 
 
 
 Station-corrections set to ZERO !
 (if you do NOT invert for station-corrections,
  then these 0.0-values are printed in file12 !)
 




    INPUT - M O D E L :



 Model(s) read from file :
 ca1d11.mod                                                                      
 
 model file title: 
 CALAVERAS1D-modell (mod1.1 EK280993)   
 Velocity structure for model   1 :
 
 layer    vel   depth   vdamp  reflector
   1      4.70  -3.00    1.00          P-VELOCITY MODEL                 
   2      4.70   0.00    1.00  
   3      5.50   1.00    1.00  
   4      5.60   3.00    1.00  
   5      5.70   5.00    1.00  
   6      5.80  10.00    1.00  
   7      6.00  15.00    1.00  
   8      6.50  20.00    1.00  
   9      8.00  25.00    1.00  
  10      8.05  30.00    1.00  
 
 Calculation of average velocity starts at layer #   1
 z = -3.00 ...  0.00    v = 4.70    AVEL = 4.70 downto z =   0.00
 z =  0.00 ...  1.00    v = 4.70    AVEL = 4.70 downto z =   1.00
 z =  1.00 ...  3.00    v = 5.50    AVEL = 4.97 downto z =   3.00
 z =  3.00 ...  5.00    v = 5.60    AVEL = 5.12 downto z =   5.00
 z =  5.00 ... 10.00    v = 5.70    AVEL = 5.35 downto z =  10.00
 z = 10.00 ... 15.00    v = 5.80    AVEL = 5.47 downto z =  15.00
 z = 15.00 ... 20.00    v = 6.00    AVEL = 5.59 downto z =  20.00
 z = 20.00 ... 25.00    v = 6.50    AVEL = 5.75 downto z =  25.00
 z = 25.00 ... 30.00    v = 8.00    AVEL = 6.09 downto z =  30.00
 
 
 Calculation of average velocity starts at layer #   2
 z =  0.00 ...  1.00    v = 4.70    AVEL = 4.70 downto z =   1.00
 z =  1.00 ...  3.00    v = 5.50    AVEL = 5.23 downto z =   3.00
 z =  3.00 ...  5.00    v = 5.60    AVEL = 5.38 downto z =   5.00
 z =  5.00 ... 10.00    v = 5.70    AVEL = 5.54 downto z =  10.00
 z = 10.00 ... 15.00    v = 5.80    AVEL = 5.63 downto z =  15.00
 z = 15.00 ... 20.00    v = 6.00    AVEL = 5.72 downto z =  20.00
 z = 20.00 ... 25.00    v = 6.50    AVEL = 5.88 downto z =  25.00
 z = 25.00 ... 30.00    v = 8.00    AVEL = 6.23 downto z =  30.00
 
 




    INPUT - S T A T I O N S :



 Station-parameters read from file :
 ca1vel.sta                                                                      
 
 
     stn latitude longitude elev   x      y      z     ptcor stcor model icc
   1 JECM37.0507N121.8093W     0  23.24 -12.27   0.00   0.00  0.00   1   1
   2 BAPM36.1758N121.6427W     0   8.48-109.37   0.00   0.00  0.00   1   2
   3 BAVM36.6458N121.0298W     0 -46.17 -57.21   0.00   0.00  0.00   1   3
   4 BBGM36.5783N121.0385W     0 -45.41 -64.70   0.00   0.00  0.00   1   4
   5 BBNM36.5095N121.0762W     0 -42.07 -72.34   0.00   0.00  0.00   1   5
   6 BCGM36.7092N121.3433W     0 -18.22 -50.17   0.00   0.00  0.00   1   6
   7 BCWM36.3067N121.5660W     0   1.63 -94.84   0.00   0.00  0.00   1   7
   8 BEHM36.6647N121.1742W     0 -33.29 -55.11   0.00   0.00  0.00   1   8
   9 BEMM36.6613N121.0960W     0 -40.26 -55.49   0.00   0.00  0.00   1   9
  10 BHRM36.7278N121.2638W     0 -25.30 -48.11   0.00   0.00  0.00   1  10
  11 BJCM36.5470N121.3927W     0 -13.83 -68.18   0.00   0.00  0.00   1  11
  12 BJOM36.6108N121.3135W     0 -20.89 -61.09   0.00   0.00  0.00   1  12
  13 BLRM36.6660N121.2727W     0 -24.51 -54.97   0.00   0.00  0.00   1  13
  14 BMSM36.6630N120.7918W     0 -67.37 -55.30   0.00   0.00  0.00   1  14
  15 BPCM36.5720N121.6260W     0   6.97 -65.40   0.00   0.00  0.00   1  15
  16 BPFM36.2303N121.7720W     0  20.04-103.32   0.00   0.00  0.00   1  16
  17 BPIM36.4900N121.1685W     0 -33.84 -74.50   0.00   0.00  0.00   1  17
  18 BPRM36.4070N121.7295W     0  16.22 -83.71   0.00   0.00  0.00   1  18
  19 BRMM36.8450N120.8233W     0 -64.48 -35.10   0.00   0.00  0.00   1  19
  20 BRVM36.4248N121.0183W     0 -47.26 -81.74   0.00   0.00  0.00   1  20
  21 BSCM36.6417N121.2598W     0 -25.67 -57.67   0.00   0.00  0.00   1  21
  22 BSGM36.4138N121.2537W     0 -26.25 -82.96   0.00   0.00  0.00   1  22
  23 BSLM36.7755N121.3493W     0 -17.68 -42.82   0.00   0.00  0.00   1  23
  24 BSMM36.3833N121.4278W     0 -10.71 -86.34   0.00   0.00  0.00   1  24
  25 BSRM36.6665N121.5187W     0  -2.59 -54.91   0.00   0.00  0.00   1  25
  26 BVLM36.5752N121.1890W     0 -31.99 -65.05   0.00   0.00  0.00   1  26
  27 BVYM36.7493N121.4133W     0 -11.98 -45.72   0.00   0.00  0.00   1  27
  28 CADM37.1638N121.6258W     0   6.93   0.28   0.00   0.00  0.00   1  28
  29 CAIM37.8613N122.4295W     0  77.96  77.69   0.00   0.00  0.00   1  29
  30 CALM37.4512N121.7992W     0  22.29  32.17   0.00   0.00  0.00   1  30
  31 CAOM37.3493N121.5327W     0  -1.34  20.86   0.00   0.00  0.00   1  31
  32 CBRM37.8162N122.0620W     0  45.48  72.68   0.00   0.00  0.00   1  32
  33 CBSM37.8177N121.6405W     0   8.20  72.85   0.00   0.00  0.00   1  33
  34 CBWM37.9242N122.1067W     0  49.39  84.67   0.00   0.00  0.00   1  34
  35 CCOM37.2577N121.6725W     0  11.07  10.70   0.00   0.00  0.00   1  35
  36 CCYM37.5517N122.0908W     0  48.11  43.33   0.00   0.00  0.00   1  36
  37 CDAL37.7300N121.7283W     0  15.97  63.11   0.00   0.00  0.00   1  37
  38 CDOM37.7300N121.8353W     0  25.44  63.11   0.00   0.00  0.00   1  38
  39 CDUM38.0297N122.0008W     0  40.01  96.38   0.00   0.00  0.00   1  39
  40 CDVL37.5663N121.6802W     0  11.73  44.95   0.00   0.00  0.00   1  40
  41 CLCM37.7380N122.0638W     0  45.66  64.00   0.00   0.00  0.00   1  41
  42 CMBB38.0350N120.3850W     0-102.69  96.96   0.00   0.00  0.00   1  42
  43 CMCM37.7813N122.1758W     0  55.55  68.81   0.00   0.00  0.00   1  43
  44 CMHM37.3595N121.7563W     0  18.50  22.00   0.00   0.00  0.00   1  44
  45 CMJM37.5208N121.8705W     0  28.60  39.90   0.00   0.00  0.00   1  45
  46 CMLM37.4773N121.6515W     0   9.19  35.07   0.00   0.00  0.00   1  46
  47 CMMM37.4557N121.4937W     0  -4.80  32.67   0.00   0.00  0.00   1  47
  48 CMNL37.6275N121.7083W     0  14.21  51.74   0.00   0.00  0.00   1  48
  49 CMOM37.8113N121.8025W     0  22.53  72.14   0.00   0.00  0.00   1  49
  50 CMPM37.3577N121.3085W     0 -21.23  21.80   0.00   0.00  0.00   1  50
  51 CMRM37.5947N121.6370W     0   7.90  48.10   0.00   0.00  0.00   1  51
  52 COSM37.5085N121.3740W     0 -15.40  38.53   0.00   0.00  0.00   1  52
  53 CPLM37.6375N121.9607W     0  36.56  52.85   0.00   0.00  0.00   1  53
  54 CRPM37.9125N121.9055W     0  31.62  83.37   0.00   0.00  0.00   1  54
  55 CSAL37.6737N121.7042W     0  13.85  56.87   0.00   0.00  0.00   1  55
  56 CSCM37.2852N121.7725W     0  19.94  13.75   0.00   0.00  0.00   1  56
  57 CSHM37.6480N122.0428W     0  43.83  54.01   0.00   0.00  0.00   1  57
  58 CSPM37.9575N122.3108W     0  67.42  88.36   0.00   0.00  0.00   1  58
  59 CSTL37.6392N121.4982W     0  -4.39  53.04   0.00   0.00  0.00   1  59
  60 CVAL37.6183N121.7582W     0  18.63  50.72   0.00   0.00  0.00   1  60
  61 CVLL37.6263N121.8357W     0  25.49  51.61   0.00   0.00  0.00   1  61
  62 FRIB36.9917N119.7083W     0-163.57 -18.82   0.00   0.00  0.00   1  62
  63 GAXM38.7108N122.7550W     0 106.13 171.96   0.00   0.00  0.00   1  63
  64 GBGM38.8140N122.6793W     0  99.40 183.42   0.00   0.00  0.00   1  64
  65 GCRM38.7738N122.7165W     0 102.70 178.96   0.00   0.00  0.00   1  65
  66 GGPM38.7647N122.8442W     0 113.93 177.95   0.00   0.00  0.00   1  66
  67 HAZM36.8847N121.5908W     0   3.83 -30.70   0.00   0.00  0.00   1  67
  68 HBTM36.8502N121.5507W     0   0.26 -34.53   0.00   0.00  0.00   1  68
  69 HCAM37.0253N121.4837W     0  -5.70 -15.09   0.00   0.00  0.00   1  69
  70 HCBM36.9313N121.6605W     0  10.03 -25.53   0.00   0.00  0.00   1  70
  71 HCOM36.8885N121.7057W     0  14.05 -30.28   0.00   0.00  0.00   1  71
  72 HCRM36.9577N121.5835W     0   3.18 -22.60   0.00   0.00  0.00   1  72
  73 HDLM36.8353N121.6440W     0   8.56 -36.18   0.00   0.00  0.00   1  73
  74 HERM36.7983N121.7107W     0  14.50 -40.29   0.00   0.00  0.00   1  74
  75 HFEM36.9833N121.4015W     0 -13.01 -19.75   0.00   0.00  0.00   1  75
  76 HFHM36.8882N121.4688W     0  -7.03 -30.31   0.00   0.00  0.00   1  76
  77 HFPM36.7537N121.4905W     0  -5.10 -45.24   0.00   0.00  0.00   1  77
  78 HGSM37.0958N121.4472W     0  -8.94  -7.27   0.00   0.00  0.00   1 199
  79 HGWM37.0170N121.6533W     0   9.38 -16.01   0.00   0.00  0.00   1  79
  80 HJGM36.7980N121.5738W     0   2.31 -40.32   0.00   0.00  0.00   1  80
  81 HJSM36.8165N121.2987W     0 -22.18 -38.27   0.00   0.00  0.00   1  81
  82 HKRM36.9017N121.4260W     0 -10.84 -28.81   0.00   0.00  0.00   1  82
  83 HLTM36.8845N121.3082W     0 -21.32 -30.72   0.00   0.00  0.00   1  83
  84 HMOM36.6005N121.9177W     0  32.98 -62.24   0.00   0.00  0.00   1  84
  85 HORM36.9172N121.5077W     0  -3.57 -27.09   0.00   0.00  0.00   1  85
  86 HPHM36.8563N121.4062W     0 -12.60 -33.85   0.00   0.00  0.00   1  86
  87 HPLM37.0522N121.2900W     0 -22.91 -12.11   0.00   0.00  0.00   1  87
  88 HPRM36.9532N121.6950W     0  13.09 -23.09   0.00   0.00  0.00   1  88
  89 HQRM36.8337N121.2127W     0 -29.83 -36.36   0.00   0.00  0.00   1  89
  90 HSFM36.8120N121.4995W     0  -4.30 -38.77   0.00   0.00  0.00   1  90
  91 HSLM37.0193N121.0855W     0 -41.10 -15.76   0.00   0.00  0.00   1  91
  92 HSPM37.1152N121.5157W     0  -2.85  -5.12   0.00   0.00  0.00   1  92
  93 JALM37.1583N121.8470W     0  26.58  -0.33   0.00   0.00  0.00   1  93
  94 JBCM37.1603N122.0262W     0  42.49  -0.11   0.00   0.00  0.00   1  94
  95 JBGM37.3420N122.3390W     0  70.19  20.05   0.00   0.00  0.00   1  95
  96 JBLM37.1282N122.1680W     0  55.10  -3.67   0.00   0.00  0.00   1  96
  97 JBMM37.3182N122.1527W     0  53.67  17.41   0.00   0.00  0.00   1  97
  98 JBZM37.0178N121.8192W     0  24.13 -15.93   0.00   0.00  0.00   1  98
  99 JCBM37.1118N121.6888W     0  12.53  -5.49   0.00   0.00  0.00   1  99
 100 JEGM37.5140N122.4623W     0  81.04  39.14   0.00   0.00  0.00   1 100
 101 JELM36.9273N121.8268W     0  24.82 -25.97   0.00   0.00  0.00   1 101
 102 JHLM37.1090N121.8332W     0  25.36  -5.80   0.00   0.00  0.00   1 102
 103 JHPM37.4442N122.3015W     0  66.82  31.40   0.00   0.00  0.00   1 103
 104 JLPM37.1110N121.8430W     0  26.23  -5.58   0.00   0.00  0.00   1 104
 105 JLXM37.2018N121.9862W     0  38.93   4.50   0.00   0.00  0.00   1 105
 106 JMGM37.6370N122.4738W     0  81.99  52.79   0.00   0.00  0.00   1 106
 107 JMPM37.4555N122.1655W     0  54.76  32.65   0.00   0.00  0.00   1 107
 108 JNAM37.1770N121.8447W     0  26.37   1.74   0.00   0.00  0.00   1 108
 109 JPLM36.9770N121.8322W     0  25.29 -20.45   0.00   0.00  0.00   1 109
 110 JPPM37.2635N122.2130W     0  59.05  11.34   0.00   0.00  0.00   1 110
 111 JPRM37.7947N122.4743W     0  81.95  70.30   0.00   0.00  0.00   1 111
 112 JPSM37.1990N122.3483W     0  71.09   4.18   0.00   0.00  0.00   1 112
 113 JRGM37.0370N121.9645W     0  37.04 -13.79   0.00   0.00  0.00   1 113
 114 JRRM37.0545N121.7268W     0  15.91 -11.85   0.00   0.00  0.00   1 114
 115 JSAM37.5825N122.4172W     0  77.01  46.75   0.00   0.00  0.00   1 115
 116 JSCM37.2845N122.1237W     0  51.11  13.67   0.00   0.00  0.00   1 116
 117 JSFM37.4052N122.1758W     0  55.69  27.07   0.00   0.00  0.00   1 117
 118 JSGM37.2827N122.0500W     0  44.57  13.47   0.00   0.00  0.00   1 118
 119 JSJM37.3338N122.0913W     0  48.22  19.14   0.00   0.00  0.00   1 119
 120 JSMM37.2123N122.1677W     0  55.04   5.66   0.00   0.00  0.00   1 120
 121 JSSM37.1695N121.9307W     0  34.01   0.91   0.00   0.00  0.00   1 121
 122 JSTM37.2068N121.7973W     0  22.16   5.05   0.00   0.00  0.00   1 122
 123 JTGM37.0285N121.8763W     0  29.20 -14.74   0.00   0.00  0.00   1 123
 124 JUCM37.0012N122.0485W     0  44.52 -17.77   0.00   0.00  0.00   1 124
 125 JUMM37.1608N121.8977W     0  31.08  -0.06   0.00   0.00  0.00   1 125
 
 NO Seismo-parameter-file specified
 --> NO magnitudes calculated!
 
 
 
 
   neqs=   53  nshot=    0  nltot=   10

 ~~~ input parameters read.
 ~~~ set units for first iteration ...
 ~~~ determine number of unknowns ...
 
 Number of unknowns (for array-indexing):  nvar =  420
 Number of effective unknowns        :  nvareff =  222
 Number of elements on/below main diagonal of matrix G = At*A : kvar =   88410
 
 ~~~ reset G and RHT ...
 ~~~ input data, raytracing, setup G ...






    I N P U T - D A T A  

  eq    origin-time    latitude longitude depth    x      y      z    mag ifxOBS
   1 840210 2306 50.92 37.1653N 121.5500W   5.62   0.20   0.44   5.62 0.00 0  14
   2 840425 0640  4.49 37.1597N 121.5423W   8.56  -0.49  -0.18   8.56 0.00 0  15
   3 840425 0727 43.10 37.1568N 121.5517W   4.82   0.35  -0.50   4.82 0.00 0  19
   4 840429 0409 16.77 37.1590N 121.5512W   5.42   0.30  -0.26   5.42 0.00 0  15
   5 840503 1616 19.86 37.1630N 121.5437W   8.31  -0.36   0.19   8.31 0.00 0  13
   6 840503 2256 35.97 37.1583N 121.5487W   5.45   0.08  -0.33   5.45 0.00 0  20
   7 840504 2208 45.88 37.1603N 121.5453W   8.03  -0.22  -0.11   8.03 0.00 0  13
   8 840511 1234 23.35 37.1633N 121.5432W   8.80  -0.41   0.22   8.80 0.00 0  19
   9 840512 0837  7.43 37.1582N 121.5505W   5.29   0.24  -0.34   5.29 0.00 0  22
  10 840517 0643 12.57 37.1597N 121.5500W   5.57   0.20  -0.18   5.57 0.00 0  14
  11 840527 0208 42.53 37.1645N 121.5425W   8.67  -0.47   0.36   8.67 0.00 0  14
  12 840527 1844 24.96 37.1587N 121.5520W   5.03   0.37  -0.29   5.03 0.00 0  15
  13 840613 2153 37.26 37.1588N 121.5500W   5.67   0.20  -0.28   5.67 0.00 0  20
  14 840702 0746  3.47 37.1587N 121.5527W   4.83   0.44  -0.29   4.83 0.00 0  24
  15 840711 2202 28.38 37.1590N 121.5495W   5.54   0.15  -0.26   5.54 0.00 0  17
  16 840731 1934 17.00 37.1590N 121.5485W   6.07   0.06  -0.26   6.07 0.00 0  17
  17 840814 2344 39.08 37.1573N 121.5490W   5.80   0.11  -0.44   5.80 0.00 0  16
  18 840829 1723 49.24 37.1613N 121.5525W   5.79   0.42   0.00   5.79 0.00 0  17
  19 840903 0834 12.85 37.1582N 121.5497W   5.37   0.17  -0.34   5.37 0.00 0  29
  20 841023 1620 43.98 37.1583N 121.5490W   5.41   0.11  -0.33   5.41 0.00 0  18
  21 841117 1622  4.96 37.1578N 121.5498W   5.64   0.18  -0.39   5.64 0.00 0  15
  22 841202 1910 25.07 37.1577N 121.5427W   8.03  -0.45  -0.40   8.03 0.00 0  31
  23 850122 0634 15.54 37.1593N 121.5490W   5.90   0.11  -0.22   5.90 0.00 0  18
  24 850219 1105 18.09 37.1583N 121.5497W   5.85   0.17  -0.33   5.85 0.00 0  35
  25 850303 0821 24.23 37.1603N 121.5523W   5.22   0.40  -0.11   5.22 0.00 0  43
  26 850304 0841 47.77 37.1593N 121.5507W   6.01   0.26  -0.22   6.01 0.00 0  21
  27 850325 2037 22.71 37.1595N 121.5517W   5.34   0.35  -0.20   5.34 0.00 0  28
  28 850510 0847  7.83 37.1578N 121.5510W   5.74   0.28  -0.39   5.74 0.00 0  26
  29 850704 0214 55.80 37.1625N 121.5525W   5.41   0.42   0.13   5.41 0.00 0  27
  30 851021 1352 39.25 37.1582N 121.5510W   5.62   0.28  -0.34   5.62 0.00 0  32
  31 851215 1130 51.67 37.1573N 121.5438W   8.76  -0.35  -0.44   8.76 0.00 0  80
  32 860102 2327 21.30 37.1590N 121.5497W   5.85   0.17  -0.26   5.85 0.00 0  17
  33 860317 0822 37.92 37.1587N 121.5527W   5.49   0.44  -0.29   5.49 0.00 0  29
  34 860615 1830 16.26 37.1575N 121.5502W   5.64   0.21  -0.42   5.64 0.00 0  36
  35 860905 0154 38.43 37.1602N 121.5502W   5.26   0.21  -0.12   5.26 0.00 0  23
  36 861129 0915 21.96 37.1602N 121.5495W   5.85   0.15  -0.12   5.85 0.00 0  19
  37 870106 0325 38.68 37.1615N 121.5518W   5.81   0.36   0.02   5.81 0.00 0  20
  38 870119 0828 20.14 37.1578N 121.5492W   5.72   0.13  -0.39   5.72 0.00 0  41
  39 870206 2044 41.78 37.1583N 121.5487W   5.81   0.08  -0.33   5.81 0.00 0  16
  40 870209 2208 34.19 37.1577N 121.5492W   5.56   0.13  -0.40   5.56 0.00 0  35
  41 870521 0441 26.41 37.1577N 121.5485W   5.57   0.06  -0.40   5.57 0.00 0  26
  42 871226 1107 13.61 37.1602N 121.5430W   8.20  -0.43  -0.12   8.20 0.00 0  15
  43 880704 1353 42.57 37.1578N 121.5505W   5.91   0.24  -0.39   5.91 0.00 0  37
  44 890105 0406 11.03 37.1607N 121.5500W   5.68   0.20  -0.07   5.68 0.00 0  23
  45 890526 1531  6.45 37.1578N 121.5445W   8.27  -0.29  -0.39   8.27 0.00 0  91
